<?xml version="1.0" encoding="UTF-8"?>
<!-- Generated by org.testng.reporters.JUnitReportReporter -->
<testsuite hostname="NBDLH6PY3H2" failures="0" tests="3" name="Test.UserEdit" time="21.346" errors="0" timestamp="2020-02-19T15:52:00 EST" skipped="0">
  <testcase classname="Test.UserEdit" name="Test" time="13.815"/>
  <testcase classname="Test.UserEdit" name="SearchUser" time="3.040"/>
  <testcase classname="Test.UserEdit" name="EditUserDetails" time="4.491"/>
</testsuite> <!-- Test.UserEdit -->
