<?xml version="1.0" encoding="UTF-8"?>
<!-- Generated by org.testng.reporters.JUnitReportReporter -->
<testsuite hostname="NBDLH6PY3H2" failures="0" tests="5" name="Home.DataTripsPage" time="40.811" errors="0" timestamp="2020-02-20T09:51:17 EST" skipped="0">
  <testcase classname="Home.DataTripsPage" name="Test" time="10.981"/>
  <testcase classname="Home.DataTripsPage" name="Data" time="3.665"/>
  <testcase classname="Home.DataTripsPage" name="Trips" time="1.364"/>
  <testcase classname="Home.DataTripsPage" name="CSVFunctionality" time="11.363"/>
  <testcase classname="Home.DataTripsPage" name="BinFunctionality" time="13.438"/>
</testsuite> <!-- Home.DataTripsPage -->
