<?xml version="1.0" encoding="UTF-8"?>
<!-- Generated by org.testng.reporters.JUnitReportReporter -->
<testsuite hostname="NBDLH6PY3H2" failures="0" tests="2" name="Test.Customer" time="17.593" errors="0" timestamp="2020-02-19T15:36:38 EST" skipped="0">
  <testcase classname="Test.Customer" name="Test" time="14.569"/>
  <testcase classname="Test.Customer" name="AddCustomer" time="3.024"/>
</testsuite> <!-- Test.Customer -->
