<?xml version="1.0" encoding="UTF-8"?>
<!-- Generated by org.testng.reporters.JUnitReportReporter -->
<testsuite hostname="NBDLH6PY3H2" failures="0" tests="3" name="Test.DeviceEdit" time="21.454" errors="0" timestamp="2020-02-19T15:52:00 EST" skipped="0">
  <testcase classname="Test.DeviceEdit" name="Test" time="13.775"/>
  <testcase classname="Test.DeviceEdit" name="SearchDevice" time="2.626"/>
  <testcase classname="Test.DeviceEdit" name="Edit" time="5.053"/>
</testsuite> <!-- Test.DeviceEdit -->
