<?xml version="1.0" encoding="UTF-8"?>
<!-- Generated by org.testng.reporters.JUnitReportReporter -->
<testsuite hostname="NBDLH6PY3H2" failures="0" tests="2" name="Test.UserAdd" time="19.061" errors="0" timestamp="2020-02-19T15:36:38 EST" skipped="0">
  <testcase classname="Test.UserAdd" name="Test" time="13.952"/>
  <testcase classname="Test.UserAdd" name="AddUser" time="5.109"/>
</testsuite> <!-- Test.UserAdd -->
