<?xml version="1.0" encoding="UTF-8"?>
<!-- Generated by org.testng.reporters.JUnitReportReporter -->
<testsuite hostname="NBDLH6PY3H2" failures="0" tests="6" name="Reports.FleetReport" time="21.655" errors="0" timestamp="2020-02-19T15:59:13 EST" skipped="0">
  <testcase classname="Reports.FleetReport" name="Test" time="12.782"/>
  <testcase classname="Reports.FleetReport" name="FleetReports" time="2.441"/>
  <testcase classname="Reports.FleetReport" name="ColumnSort" time="0.966"/>
  <testcase classname="Reports.FleetReport" name="DeviceSearch" time="2.346"/>
  <testcase classname="Reports.FleetReport" name="AliasSearch" time="0.828"/>
  <testcase classname="Reports.FleetReport" name="DateSearch" time="2.292"/>
</testsuite> <!-- Reports.FleetReport -->
