<?xml version="1.0" encoding="UTF-8"?>
<!-- Generated by org.testng.reporters.JUnitReportReporter -->
<testsuite hostname="NBDLH6PY3H2" failures="0" tests="14" name="Test.DeviceSearchFunct" time="113.066" errors="0" timestamp="2020-01-29T11:44:21 EST" skipped="0">
  <testcase classname="Test.DeviceSearchFunct" name="Test" time="14.162"/>
  <testcase classname="Test.DeviceSearchFunct" name="ClientSearch" time="2.116"/>
  <testcase classname="Test.DeviceSearchFunct" name="IMEISearch" time="3.063"/>
  <testcase classname="Test.DeviceSearchFunct" name="DeviceSearch" time="3.041"/>
  <testcase classname="Test.DeviceSearchFunct" name="FWVersion" time="3.099"/>
  <testcase classname="Test.DeviceSearchFunct" name="ConfigVersion" time="3.059"/>
  <testcase classname="Test.DeviceSearchFunct" name="VehicleAlias" time="3.126"/>
  <testcase classname="Test.DeviceSearchFunct" name="CommandGroup" time="3.211"/>
  <testcase classname="Test.DeviceSearchFunct" name="Provider" time="3.025"/>
  <testcase classname="Test.DeviceSearchFunct" name="ShowCurrent" time="33.084"/>
  <testcase classname="Test.DeviceSearchFunct" name="DeviceType" time="32.966"/>
  <testcase classname="Test.DeviceSearchFunct" name="DeviceGroup" time="3.196"/>
  <testcase classname="Test.DeviceSearchFunct" name="TCPPV" time="3.010"/>
  <testcase classname="Test.DeviceSearchFunct" name="UDPPV" time="2.908"/>
</testsuite> <!-- Test.DeviceSearchFunct -->
