<?xml version="1.0" encoding="UTF-8"?>
<!-- Generated by org.testng.reporters.JUnitReportReporter -->
<testsuite hostname="NBDLH6PY3H2" failures="0" tests="8" name="Home.HomePage" time="29.109" errors="0" timestamp="2020-02-20T09:51:17 EST" skipped="0">
  <testcase classname="Home.HomePage" name="Test" time="10.442"/>
  <testcase classname="Home.HomePage" name="DashboardPage" time="2.419"/>
  <testcase classname="Home.HomePage" name="LatestAlerts" time="0.474"/>
  <testcase classname="Home.HomePage" name="VehicleStatus" time="0.275"/>
  <testcase classname="Home.HomePage" name="DeviceEvents" time="0.313"/>
  <testcase classname="Home.HomePage" name="Driving_behaviour" time="0.316"/>
  <testcase classname="Home.HomePage" name="FullMap" time="8.277"/>
  <testcase classname="Home.HomePage" name="Map" time="6.593"/>
</testsuite> <!-- Home.HomePage -->
