<?xml version="1.0" encoding="UTF-8"?>
<!-- Generated by org.testng.reporters.JUnitReportReporter -->
<testsuite hostname="NBDLH6PY3H2" failures="0" tests="11" name="Reports.SummaryReport" time="36.166" errors="0" timestamp="2020-02-19T15:59:13 EST" skipped="0">
  <testcase classname="Reports.SummaryReport" name="Test" time="11.950"/>
  <testcase classname="Reports.SummaryReport" name="SummaryReports" time="1.829"/>
  <testcase classname="Reports.SummaryReport" name="DaysBehindWheel" time="3.109"/>
  <testcase classname="Reports.SummaryReport" name="LongestTrip" time="2.121"/>
  <testcase classname="Reports.SummaryReport" name="SpeedingEvents" time="2.681"/>
  <testcase classname="Reports.SummaryReport" name="TOTAL_MILES_DRIVEN" time="2.709"/>
  <testcase classname="Reports.SummaryReport" name="BATTERY_HEALTH" time="2.729"/>
  <testcase classname="Reports.SummaryReport" name="HARD_BRAKING_EVENTS" time="2.587"/>
  <testcase classname="Reports.SummaryReport" name="Vehicle_Location" time="2.241"/>
  <testcase classname="Reports.SummaryReport" name="Diagnostic_Trouble_Code" time="2.047"/>
  <testcase classname="Reports.SummaryReport" name="Hard_Acceleration_Events" time="2.163"/>
</testsuite> <!-- Reports.SummaryReport -->
