<?xml version="1.0" encoding="UTF-8"?>
<!-- Generated by org.testng.reporters.JUnitReportReporter -->
<testsuite hostname="NBDLH6PY3H2" failures="0" tests="7" name="Home.VehiclePage" time="144.719" errors="0" timestamp="2020-02-20T09:51:17 EST" skipped="0">
  <testcase classname="Home.VehiclePage" name="Test" time="10.459"/>
  <testcase classname="Home.VehiclePage" name="Data" time="4.151"/>
  <testcase classname="Home.VehiclePage" name="Trips" time="1.211"/>
  <testcase classname="Home.VehiclePage" name="PID" time="32.505"/>
  <testcase classname="Home.VehiclePage" name="Description" time="32.470"/>
  <testcase classname="Home.VehiclePage" name="Units" time="31.999"/>
  <testcase classname="Home.VehiclePage" name="Periodicity" time="31.924"/>
</testsuite> <!-- Home.VehiclePage -->
