<?xml version="1.0" encoding="UTF-8"?>
<!-- Generated by org.testng.reporters.JUnitReportReporter -->
<testsuite hostname="NBDLH6PY3H2" failures="0" tests="3" name="Test.CustomerEdit" time="18.380" errors="0" timestamp="2020-02-19T15:52:00 EST" skipped="0">
  <testcase classname="Test.CustomerEdit" name="Test" time="14.224"/>
  <testcase classname="Test.CustomerEdit" name="Search" time="1.420"/>
  <testcase classname="Test.CustomerEdit" name="EditCustomer" time="2.736"/>
</testsuite> <!-- Test.CustomerEdit -->
