<?xml version="1.0" encoding="UTF-8"?>
<!-- Generated by org.testng.reporters.JUnitReportReporter -->
<testsuite hostname="NBDLH6PY3H2" failures="0" tests="2" name="Test.DeviceAdd" time="18.160" errors="0" timestamp="2020-02-19T15:36:38 EST" skipped="0">
  <testcase classname="Test.DeviceAdd" name="Test" time="13.854"/>
  <testcase classname="Test.DeviceAdd" name="AddDevice" time="4.306"/>
</testsuite> <!-- Test.DeviceAdd -->
