<?xml version="1.0" encoding="UTF-8"?>
<!-- Generated by org.testng.reporters.JUnitReportReporter -->
<testsuite hostname="NBDLH6PY3H2" failures="0" tests="2" name="Reports.CustomerBilling" time="39.662" errors="0" timestamp="2020-02-19T15:59:13 EST" skipped="0">
  <testcase classname="Reports.CustomerBilling" name="Test" time="12.258"/>
  <testcase classname="Reports.CustomerBilling" name="Customer" time="27.404"/>
</testsuite> <!-- Reports.CustomerBilling -->
